[0.656s] DEBUG:colcon:Command line arguments: ['/home/deni/.local/bin/colcon', 'build', '--packages-select', 'navbot']
[0.656s] DEBUG:colcon:Parsed command line arguments: Namespace(log_base=None, log_level=None, verb_name='build', build_base='build', install_base='install', merge_install=False, symlink_install=False, test_result_base=None, continue_on_error=False, executor='parallel', parallel_workers=16, event_handlers=None, ignore_user_meta=False, metas=['./colcon.meta'], base_paths=['.'], packages_ignore=None, packages_ignore_regex=None, paths=None, packages_up_to=None, packages_up_to_regex=None, packages_above=None, packages_above_and_dependencies=None, packages_above_depth=None, packages_select_by_dep=None, packages_skip_by_dep=None, packages_skip_up_to=None, packages_select_build_failed=False, packages_skip_build_finished=False, packages_select_test_failures=False, packages_skip_test_passed=False, packages_select=['navbot'], packages_skip=None, packages_select_regex=None, packages_skip_regex=None, packages_start=None, packages_end=None, allow_overriding=[], cmake_args=None, cmake_target=None, cmake_target_skip_unavailable=False, cmake_clean_cache=False, cmake_clean_first=False, cmake_force_configure=False, ament_cmake_args=None, catkin_cmake_args=None, catkin_skip_building_tests=False, verb_parser=<colcon_defaults.argument_parser.defaults.DefaultArgumentsDecorator object at 0x7d85ec580730>, verb_extension=<colcon_core.verb.build.BuildVerb object at 0x7d85ec5802e0>, main=<bound method BuildVerb.main of <colcon_core.verb.build.BuildVerb object at 0x7d85ec5802e0>>)
[1.331s] Level 1:colcon.colcon_core.package_discovery:discover_packages(colcon_meta) check parameters
[1.332s] Level 1:colcon.colcon_core.package_discovery:discover_packages(recursive) check parameters
[1.333s] Level 1:colcon.colcon_core.package_discovery:discover_packages(ignore) check parameters
[1.334s] Level 1:colcon.colcon_core.package_discovery:discover_packages(path) check parameters
[1.334s] Level 1:colcon.colcon_core.package_discovery:discover_packages(colcon_meta) discover
[1.334s] Level 1:colcon.colcon_core.package_discovery:discover_packages(recursive) discover
[1.335s] INFO:colcon.colcon_core.package_discovery:Crawling recursively for packages in '/home/deni/dev_ws/src/navbot'
[1.335s] Level 1:colcon.colcon_core.package_identification:_identify(.) by extensions ['ignore', 'ignore_ament_install']
[1.335s] Level 1:colcon.colcon_core.package_identification:_identify(.) by extension 'ignore'
[1.336s] Level 1:colcon.colcon_core.package_identification:_identify(.) by extension 'ignore_ament_install'
[1.336s] Level 1:colcon.colcon_core.package_identification:_identify(.) by extensions ['colcon_pkg']
[1.336s] Level 1:colcon.colcon_core.package_identification:_identify(.) by extension 'colcon_pkg'
[1.336s] Level 1:colcon.colcon_core.package_identification:_identify(.) by extensions ['colcon_meta']
[1.336s] Level 1:colcon.colcon_core.package_identification:_identify(.) by extension 'colcon_meta'
[1.336s] Level 1:colcon.colcon_core.package_identification:_identify(.) by extensions ['ros']
[1.336s] Level 1:colcon.colcon_core.package_identification:_identify(.) by extension 'ros'
[1.397s] DEBUG:colcon.colcon_core.package_identification:Package '.' with type 'ros.ament_cmake' and name 'navbot'
[1.397s] Level 1:colcon.colcon_core.package_discovery:discover_packages(recursive) using defaults
[1.399s] Level 1:colcon.colcon_core.package_discovery:discover_packages(ignore) discover
[1.400s] Level 1:colcon.colcon_core.package_discovery:discover_packages(ignore) using defaults
[1.400s] Level 1:colcon.colcon_core.package_discovery:discover_packages(path) discover
[1.401s] Level 1:colcon.colcon_core.package_discovery:discover_packages(path) using defaults
[1.510s] Level 1:colcon.colcon_core.package_discovery:discover_packages(prefix_path) check parameters
[1.510s] Level 1:colcon.colcon_core.package_discovery:discover_packages(prefix_path) discover
[1.537s] DEBUG:colcon.colcon_installed_package_information.package_discovery:Found 53 installed packages in /home/deni/dev_ws/install
[1.546s] DEBUG:colcon.colcon_installed_package_information.package_discovery:Found 469 installed packages in /opt/ros/humble
[1.632s] Level 1:colcon.colcon_core.package_discovery:discover_packages(prefix_path) using defaults
[1.849s] Level 5:colcon.colcon_core.verb:set package 'navbot' build argument 'cmake_args' from command line to 'None'
[1.850s] Level 5:colcon.colcon_core.verb:set package 'navbot' build argument 'cmake_target' from command line to 'None'
[1.850s] Level 5:colcon.colcon_core.verb:set package 'navbot' build argument 'cmake_target_skip_unavailable' from command line to 'False'
[1.850s] Level 5:colcon.colcon_core.verb:set package 'navbot' build argument 'cmake_clean_cache' from command line to 'False'
[1.850s] Level 5:colcon.colcon_core.verb:set package 'navbot' build argument 'cmake_clean_first' from command line to 'False'
[1.850s] Level 5:colcon.colcon_core.verb:set package 'navbot' build argument 'cmake_force_configure' from command line to 'False'
[1.850s] Level 5:colcon.colcon_core.verb:set package 'navbot' build argument 'ament_cmake_args' from command line to 'None'
[1.850s] Level 5:colcon.colcon_core.verb:set package 'navbot' build argument 'catkin_cmake_args' from command line to 'None'
[1.850s] Level 5:colcon.colcon_core.verb:set package 'navbot' build argument 'catkin_skip_building_tests' from command line to 'False'
[1.850s] DEBUG:colcon.colcon_core.verb:Building package 'navbot' with the following arguments: {'ament_cmake_args': None, 'build_base': '/home/deni/dev_ws/src/navbot/build/navbot', 'catkin_cmake_args': None, 'catkin_skip_building_tests': False, 'cmake_args': None, 'cmake_clean_cache': False, 'cmake_clean_first': False, 'cmake_force_configure': False, 'cmake_target': None, 'cmake_target_skip_unavailable': False, 'install_base': '/home/deni/dev_ws/src/navbot/install/navbot', 'merge_install': False, 'path': '/home/deni/dev_ws/src/navbot', 'symlink_install': False, 'test_result_base': None}
[1.851s] INFO:colcon.colcon_core.executor:Executing jobs using 'parallel' executor
[1.853s] DEBUG:colcon.colcon_parallel_executor.executor.parallel:run_until_complete
[1.854s] INFO:colcon.colcon_ros.task.ament_cmake.build:Building ROS package in '/home/deni/dev_ws/src/navbot' with build type 'ament_cmake'
[1.855s] INFO:colcon.colcon_cmake.task.cmake.build:Building CMake package in '/home/deni/dev_ws/src/navbot'
[1.864s] INFO:colcon.colcon_core.plugin_system:Skipping extension 'colcon_core.shell.bat': Not used on non-Windows systems
[1.865s] INFO:colcon.colcon_core.shell:Skip shell extension 'powershell' for command environment: Not usable outside of PowerShell
[1.865s] DEBUG:colcon.colcon_core.shell:Skip shell extension 'dsv' for command environment
[1.909s] DEBUG:colcon.colcon_core.event_handler.log_command:Invoking command in '/home/deni/dev_ws/src/navbot/build/navbot': CMAKE_PREFIX_PATH=${CMAKE_PREFIX_PATH}:/home/deni/dev_ws/install/sensor_msgs_py:/home/deni/dev_ws/install/my_odom_converter:/opt/ros/humble /usr/bin/cmake --build /home/deni/dev_ws/src/navbot/build/navbot -- -j16 -l16
[2.116s] DEBUG:colcon.colcon_core.event_handler.log_command:Invoked command in '/home/deni/dev_ws/src/navbot/build/navbot' returned '0': CMAKE_PREFIX_PATH=${CMAKE_PREFIX_PATH}:/home/deni/dev_ws/install/sensor_msgs_py:/home/deni/dev_ws/install/my_odom_converter:/opt/ros/humble /usr/bin/cmake --build /home/deni/dev_ws/src/navbot/build/navbot -- -j16 -l16
[2.269s] DEBUG:colcon.colcon_core.event_handler.log_command:Invoking command in '/home/deni/dev_ws/src/navbot/build/navbot': CMAKE_PREFIX_PATH=${CMAKE_PREFIX_PATH}:/home/deni/dev_ws/install/sensor_msgs_py:/home/deni/dev_ws/install/my_odom_converter:/opt/ros/humble /usr/bin/cmake --install /home/deni/dev_ws/src/navbot/build/navbot
[2.320s] Level 1:colcon.colcon_core.environment:create_environment_scripts_only(navbot)
[2.332s] DEBUG:colcon.colcon_core.event_handler.log_command:Invoked command in '/home/deni/dev_ws/src/navbot/build/navbot' returned '0': CMAKE_PREFIX_PATH=${CMAKE_PREFIX_PATH}:/home/deni/dev_ws/install/sensor_msgs_py:/home/deni/dev_ws/install/my_odom_converter:/opt/ros/humble /usr/bin/cmake --install /home/deni/dev_ws/src/navbot/build/navbot
[2.337s] Level 1:colcon.colcon_core.environment:checking '/home/deni/dev_ws/src/navbot/install/navbot' for CMake module files
[2.338s] Level 1:colcon.colcon_core.environment:checking '/home/deni/dev_ws/src/navbot/install/navbot' for CMake config files
[2.339s] Level 1:colcon.colcon_core.shell:create_environment_hook('navbot', 'cmake_prefix_path')
[2.339s] INFO:colcon.colcon_core.shell:Creating environment hook '/home/deni/dev_ws/src/navbot/install/navbot/share/navbot/hook/cmake_prefix_path.ps1'
[2.341s] INFO:colcon.colcon_core.shell:Creating environment descriptor '/home/deni/dev_ws/src/navbot/install/navbot/share/navbot/hook/cmake_prefix_path.dsv'
[2.343s] INFO:colcon.colcon_core.shell:Creating environment hook '/home/deni/dev_ws/src/navbot/install/navbot/share/navbot/hook/cmake_prefix_path.sh'
[2.348s] Level 1:colcon.colcon_core.environment:checking '/home/deni/dev_ws/src/navbot/install/navbot/bin'
[2.349s] Level 1:colcon.colcon_core.environment:checking '/home/deni/dev_ws/src/navbot/install/navbot/lib/pkgconfig/navbot.pc'
[2.350s] Level 1:colcon.colcon_core.environment:checking '/home/deni/dev_ws/src/navbot/install/navbot/lib/python3.10/site-packages'
[2.350s] Level 1:colcon.colcon_core.environment:checking '/home/deni/dev_ws/src/navbot/install/navbot/bin'
[2.351s] INFO:colcon.colcon_core.shell:Creating package script '/home/deni/dev_ws/src/navbot/install/navbot/share/navbot/package.ps1'
[2.353s] INFO:colcon.colcon_core.shell:Creating package descriptor '/home/deni/dev_ws/src/navbot/install/navbot/share/navbot/package.dsv'
[2.354s] INFO:colcon.colcon_core.shell:Creating package script '/home/deni/dev_ws/src/navbot/install/navbot/share/navbot/package.sh'
[2.356s] INFO:colcon.colcon_core.shell:Creating package script '/home/deni/dev_ws/src/navbot/install/navbot/share/navbot/package.bash'
[2.358s] INFO:colcon.colcon_core.shell:Creating package script '/home/deni/dev_ws/src/navbot/install/navbot/share/navbot/package.zsh'
[2.359s] Level 1:colcon.colcon_core.environment:create_file_with_runtime_dependencies(/home/deni/dev_ws/src/navbot/install/navbot/share/colcon-core/packages/navbot)
[2.470s] Level 1:colcon.colcon_core.environment:create_environment_scripts_only(navbot)
[2.471s] Level 1:colcon.colcon_core.environment:checking '/home/deni/dev_ws/src/navbot/install/navbot' for CMake module files
[2.473s] Level 1:colcon.colcon_core.environment:checking '/home/deni/dev_ws/src/navbot/install/navbot' for CMake config files
[2.474s] Level 1:colcon.colcon_core.shell:create_environment_hook('navbot', 'cmake_prefix_path')
[2.474s] INFO:colcon.colcon_core.shell:Creating environment hook '/home/deni/dev_ws/src/navbot/install/navbot/share/navbot/hook/cmake_prefix_path.ps1'
[2.477s] INFO:colcon.colcon_core.shell:Creating environment descriptor '/home/deni/dev_ws/src/navbot/install/navbot/share/navbot/hook/cmake_prefix_path.dsv'
[2.478s] INFO:colcon.colcon_core.shell:Creating environment hook '/home/deni/dev_ws/src/navbot/install/navbot/share/navbot/hook/cmake_prefix_path.sh'
[2.481s] Level 1:colcon.colcon_core.environment:checking '/home/deni/dev_ws/src/navbot/install/navbot/bin'
[2.481s] Level 1:colcon.colcon_core.environment:checking '/home/deni/dev_ws/src/navbot/install/navbot/lib/pkgconfig/navbot.pc'
[2.484s] Level 1:colcon.colcon_core.environment:checking '/home/deni/dev_ws/src/navbot/install/navbot/lib/python3.10/site-packages'
[2.485s] Level 1:colcon.colcon_core.environment:checking '/home/deni/dev_ws/src/navbot/install/navbot/bin'
[2.487s] INFO:colcon.colcon_core.shell:Creating package script '/home/deni/dev_ws/src/navbot/install/navbot/share/navbot/package.ps1'
[2.489s] INFO:colcon.colcon_core.shell:Creating package descriptor '/home/deni/dev_ws/src/navbot/install/navbot/share/navbot/package.dsv'
[2.491s] INFO:colcon.colcon_core.shell:Creating package script '/home/deni/dev_ws/src/navbot/install/navbot/share/navbot/package.sh'
[2.492s] INFO:colcon.colcon_core.shell:Creating package script '/home/deni/dev_ws/src/navbot/install/navbot/share/navbot/package.bash'
[2.494s] INFO:colcon.colcon_core.shell:Creating package script '/home/deni/dev_ws/src/navbot/install/navbot/share/navbot/package.zsh'
[2.498s] Level 1:colcon.colcon_core.environment:create_file_with_runtime_dependencies(/home/deni/dev_ws/src/navbot/install/navbot/share/colcon-core/packages/navbot)
[2.500s] DEBUG:colcon.colcon_parallel_executor.executor.parallel:closing loop
[2.502s] DEBUG:colcon.colcon_parallel_executor.executor.parallel:loop closed
[2.503s] DEBUG:colcon.colcon_parallel_executor.executor.parallel:run_until_complete finished with '0'
[2.503s] DEBUG:colcon.colcon_core.event_reactor:joining thread
[2.534s] INFO:colcon.colcon_core.plugin_system:Skipping extension 'colcon_notification.desktop_notification.terminal_notifier': Not used on non-Darwin systems
[2.535s] INFO:colcon.colcon_core.plugin_system:Skipping extension 'colcon_notification.desktop_notification.win32': Not used on non-Windows systems
[2.535s] INFO:colcon.colcon_notification.desktop_notification:Sending desktop notification using 'notify2'
[2.572s] DEBUG:colcon.colcon_core.event_reactor:joined thread
[2.574s] INFO:colcon.colcon_core.shell:Creating prefix script '/home/deni/dev_ws/src/navbot/install/local_setup.ps1'
[2.581s] INFO:colcon.colcon_core.shell:Creating prefix util module '/home/deni/dev_ws/src/navbot/install/_local_setup_util_ps1.py'
[2.586s] INFO:colcon.colcon_core.shell:Creating prefix chain script '/home/deni/dev_ws/src/navbot/install/setup.ps1'
[2.603s] INFO:colcon.colcon_core.shell:Creating prefix script '/home/deni/dev_ws/src/navbot/install/local_setup.sh'
[2.605s] INFO:colcon.colcon_core.shell:Creating prefix util module '/home/deni/dev_ws/src/navbot/install/_local_setup_util_sh.py'
[2.607s] INFO:colcon.colcon_core.shell:Creating prefix chain script '/home/deni/dev_ws/src/navbot/install/setup.sh'
[2.620s] INFO:colcon.colcon_core.shell:Creating prefix script '/home/deni/dev_ws/src/navbot/install/local_setup.bash'
[2.622s] INFO:colcon.colcon_core.shell:Creating prefix chain script '/home/deni/dev_ws/src/navbot/install/setup.bash'
[2.631s] INFO:colcon.colcon_core.shell:Creating prefix script '/home/deni/dev_ws/src/navbot/install/local_setup.zsh'
[2.632s] INFO:colcon.colcon_core.shell:Creating prefix chain script '/home/deni/dev_ws/src/navbot/install/setup.zsh'
