[0.132s] DEBUG:colcon:Command line arguments: ['/home/deni/.local/bin/colcon', 'build', '--packages-select', 'navbot']
[0.132s] DEBUG:colcon:Parsed command line arguments: Namespace(log_base=None, log_level=None, verb_name='build', build_base='build', install_base='install', merge_install=False, symlink_install=False, test_result_base=None, continue_on_error=False, executor='parallel', parallel_workers=16, event_handlers=None, ignore_user_meta=False, metas=['./colcon.meta'], base_paths=['.'], packages_ignore=None, packages_ignore_regex=None, paths=None, packages_up_to=None, packages_up_to_regex=None, packages_above=None, packages_above_and_dependencies=None, packages_above_depth=None, packages_select_by_dep=None, packages_skip_by_dep=None, packages_skip_up_to=None, packages_select_build_failed=False, packages_skip_build_finished=False, packages_select_test_failures=False, packages_skip_test_passed=False, packages_select=['navbot'], packages_skip=None, packages_select_regex=None, packages_skip_regex=None, packages_start=None, packages_end=None, allow_overriding=[], cmake_args=None, cmake_target=None, cmake_target_skip_unavailable=False, cmake_clean_cache=False, cmake_clean_first=False, cmake_force_configure=False, ament_cmake_args=None, catkin_cmake_args=None, catkin_skip_building_tests=False, verb_parser=<colcon_defaults.argument_parser.defaults.DefaultArgumentsDecorator object at 0x77588083c730>, verb_extension=<colcon_core.verb.build.BuildVerb object at 0x77588083c2e0>, main=<bound method BuildVerb.main of <colcon_core.verb.build.BuildVerb object at 0x77588083c2e0>>)
[0.283s] Level 1:colcon.colcon_core.package_discovery:discover_packages(colcon_meta) check parameters
[0.283s] Level 1:colcon.colcon_core.package_discovery:discover_packages(recursive) check parameters
[0.283s] Level 1:colcon.colcon_core.package_discovery:discover_packages(ignore) check parameters
[0.283s] Level 1:colcon.colcon_core.package_discovery:discover_packages(path) check parameters
[0.283s] Level 1:colcon.colcon_core.package_discovery:discover_packages(colcon_meta) discover
[0.283s] Level 1:colcon.colcon_core.package_discovery:discover_packages(recursive) discover
[0.283s] INFO:colcon.colcon_core.package_discovery:Crawling recursively for packages in '/home/deni/dev_ws/src/navbot'
[0.283s] Level 1:colcon.colcon_core.package_identification:_identify(.) by extensions ['ignore', 'ignore_ament_install']
[0.283s] Level 1:colcon.colcon_core.package_identification:_identify(.) by extension 'ignore'
[0.283s] Level 1:colcon.colcon_core.package_identification:_identify(.) by extension 'ignore_ament_install'
[0.283s] Level 1:colcon.colcon_core.package_identification:_identify(.) by extensions ['colcon_pkg']
[0.283s] Level 1:colcon.colcon_core.package_identification:_identify(.) by extension 'colcon_pkg'
[0.284s] Level 1:colcon.colcon_core.package_identification:_identify(.) by extensions ['colcon_meta']
[0.284s] Level 1:colcon.colcon_core.package_identification:_identify(.) by extension 'colcon_meta'
[0.284s] Level 1:colcon.colcon_core.package_identification:_identify(.) by extensions ['ros']
[0.284s] Level 1:colcon.colcon_core.package_identification:_identify(.) by extension 'ros'
[0.295s] DEBUG:colcon.colcon_core.package_identification:Package '.' with type 'ros.ament_cmake' and name 'navbot'
[0.295s] Level 1:colcon.colcon_core.package_discovery:discover_packages(recursive) using defaults
[0.295s] Level 1:colcon.colcon_core.package_discovery:discover_packages(ignore) discover
[0.295s] Level 1:colcon.colcon_core.package_discovery:discover_packages(ignore) using defaults
[0.295s] Level 1:colcon.colcon_core.package_discovery:discover_packages(path) discover
[0.295s] Level 1:colcon.colcon_core.package_discovery:discover_packages(path) using defaults
[0.314s] Level 1:colcon.colcon_core.package_discovery:discover_packages(prefix_path) check parameters
[0.314s] Level 1:colcon.colcon_core.package_discovery:discover_packages(prefix_path) discover
[0.318s] DEBUG:colcon.colcon_installed_package_information.package_discovery:Found 53 installed packages in /home/deni/dev_ws/install
[0.320s] DEBUG:colcon.colcon_installed_package_information.package_discovery:Found 468 installed packages in /opt/ros/humble
[0.332s] Level 1:colcon.colcon_core.package_discovery:discover_packages(prefix_path) using defaults
[0.383s] Level 5:colcon.colcon_core.verb:set package 'navbot' build argument 'cmake_args' from command line to 'None'
[0.383s] Level 5:colcon.colcon_core.verb:set package 'navbot' build argument 'cmake_target' from command line to 'None'
[0.383s] Level 5:colcon.colcon_core.verb:set package 'navbot' build argument 'cmake_target_skip_unavailable' from command line to 'False'
[0.383s] Level 5:colcon.colcon_core.verb:set package 'navbot' build argument 'cmake_clean_cache' from command line to 'False'
[0.383s] Level 5:colcon.colcon_core.verb:set package 'navbot' build argument 'cmake_clean_first' from command line to 'False'
[0.383s] Level 5:colcon.colcon_core.verb:set package 'navbot' build argument 'cmake_force_configure' from command line to 'False'
[0.383s] Level 5:colcon.colcon_core.verb:set package 'navbot' build argument 'ament_cmake_args' from command line to 'None'
[0.383s] Level 5:colcon.colcon_core.verb:set package 'navbot' build argument 'catkin_cmake_args' from command line to 'None'
[0.383s] Level 5:colcon.colcon_core.verb:set package 'navbot' build argument 'catkin_skip_building_tests' from command line to 'False'
[0.383s] DEBUG:colcon.colcon_core.verb:Building package 'navbot' with the following arguments: {'ament_cmake_args': None, 'build_base': '/home/deni/dev_ws/src/navbot/build/navbot', 'catkin_cmake_args': None, 'catkin_skip_building_tests': False, 'cmake_args': None, 'cmake_clean_cache': False, 'cmake_clean_first': False, 'cmake_force_configure': False, 'cmake_target': None, 'cmake_target_skip_unavailable': False, 'install_base': '/home/deni/dev_ws/src/navbot/install/navbot', 'merge_install': False, 'path': '/home/deni/dev_ws/src/navbot', 'symlink_install': False, 'test_result_base': None}
[0.383s] INFO:colcon.colcon_core.executor:Executing jobs using 'parallel' executor
[0.384s] DEBUG:colcon.colcon_parallel_executor.executor.parallel:run_until_complete
[0.385s] INFO:colcon.colcon_ros.task.ament_cmake.build:Building ROS package in '/home/deni/dev_ws/src/navbot' with build type 'ament_cmake'
[0.385s] INFO:colcon.colcon_cmake.task.cmake.build:Building CMake package in '/home/deni/dev_ws/src/navbot'
[0.387s] INFO:colcon.colcon_core.plugin_system:Skipping extension 'colcon_core.shell.bat': Not used on non-Windows systems
[0.387s] INFO:colcon.colcon_core.shell:Skip shell extension 'powershell' for command environment: Not usable outside of PowerShell
[0.387s] DEBUG:colcon.colcon_core.shell:Skip shell extension 'dsv' for command environment
[0.405s] DEBUG:colcon.colcon_core.event_handler.log_command:Invoking command in '/home/deni/dev_ws/src/navbot/build/navbot': CMAKE_PREFIX_PATH=${CMAKE_PREFIX_PATH}:/home/deni/dev_ws/install/sensor_msgs_py:/home/deni/dev_ws/install/my_odom_converter:/opt/ros/humble /usr/bin/cmake --build /home/deni/dev_ws/src/navbot/build/navbot -- -j16 -l16
[0.450s] DEBUG:colcon.colcon_core.event_handler.log_command:Invoked command in '/home/deni/dev_ws/src/navbot/build/navbot' returned '0': CMAKE_PREFIX_PATH=${CMAKE_PREFIX_PATH}:/home/deni/dev_ws/install/sensor_msgs_py:/home/deni/dev_ws/install/my_odom_converter:/opt/ros/humble /usr/bin/cmake --build /home/deni/dev_ws/src/navbot/build/navbot -- -j16 -l16
[0.490s] DEBUG:colcon.colcon_core.event_handler.log_command:Invoking command in '/home/deni/dev_ws/src/navbot/build/navbot': CMAKE_PREFIX_PATH=${CMAKE_PREFIX_PATH}:/home/deni/dev_ws/install/sensor_msgs_py:/home/deni/dev_ws/install/my_odom_converter:/opt/ros/humble /usr/bin/cmake --install /home/deni/dev_ws/src/navbot/build/navbot
[0.507s] Level 1:colcon.colcon_core.environment:create_environment_scripts_only(navbot)
[0.511s] DEBUG:colcon.colcon_core.event_handler.log_command:Invoked command in '/home/deni/dev_ws/src/navbot/build/navbot' returned '0': CMAKE_PREFIX_PATH=${CMAKE_PREFIX_PATH}:/home/deni/dev_ws/install/sensor_msgs_py:/home/deni/dev_ws/install/my_odom_converter:/opt/ros/humble /usr/bin/cmake --install /home/deni/dev_ws/src/navbot/build/navbot
[0.513s] Level 1:colcon.colcon_core.environment:checking '/home/deni/dev_ws/src/navbot/install/navbot' for CMake module files
[0.514s] Level 1:colcon.colcon_core.environment:checking '/home/deni/dev_ws/src/navbot/install/navbot' for CMake config files
[0.514s] Level 1:colcon.colcon_core.shell:create_environment_hook('navbot', 'cmake_prefix_path')
[0.514s] INFO:colcon.colcon_core.shell:Creating environment hook '/home/deni/dev_ws/src/navbot/install/navbot/share/navbot/hook/cmake_prefix_path.ps1'
[0.515s] INFO:colcon.colcon_core.shell:Creating environment descriptor '/home/deni/dev_ws/src/navbot/install/navbot/share/navbot/hook/cmake_prefix_path.dsv'
[0.515s] INFO:colcon.colcon_core.shell:Creating environment hook '/home/deni/dev_ws/src/navbot/install/navbot/share/navbot/hook/cmake_prefix_path.sh'
[0.516s] Level 1:colcon.colcon_core.environment:checking '/home/deni/dev_ws/src/navbot/install/navbot/bin'
[0.516s] Level 1:colcon.colcon_core.environment:checking '/home/deni/dev_ws/src/navbot/install/navbot/lib/pkgconfig/navbot.pc'
[0.516s] Level 1:colcon.colcon_core.environment:checking '/home/deni/dev_ws/src/navbot/install/navbot/lib/python3.10/site-packages'
[0.516s] Level 1:colcon.colcon_core.environment:checking '/home/deni/dev_ws/src/navbot/install/navbot/bin'
[0.517s] INFO:colcon.colcon_core.shell:Creating package script '/home/deni/dev_ws/src/navbot/install/navbot/share/navbot/package.ps1'
[0.517s] INFO:colcon.colcon_core.shell:Creating package descriptor '/home/deni/dev_ws/src/navbot/install/navbot/share/navbot/package.dsv'
[0.518s] INFO:colcon.colcon_core.shell:Creating package script '/home/deni/dev_ws/src/navbot/install/navbot/share/navbot/package.sh'
[0.518s] INFO:colcon.colcon_core.shell:Creating package script '/home/deni/dev_ws/src/navbot/install/navbot/share/navbot/package.bash'
[0.519s] INFO:colcon.colcon_core.shell:Creating package script '/home/deni/dev_ws/src/navbot/install/navbot/share/navbot/package.zsh'
[0.520s] Level 1:colcon.colcon_core.environment:create_file_with_runtime_dependencies(/home/deni/dev_ws/src/navbot/install/navbot/share/colcon-core/packages/navbot)
[0.547s] Level 1:colcon.colcon_core.environment:create_environment_scripts_only(navbot)
[0.547s] Level 1:colcon.colcon_core.environment:checking '/home/deni/dev_ws/src/navbot/install/navbot' for CMake module files
[0.547s] Level 1:colcon.colcon_core.environment:checking '/home/deni/dev_ws/src/navbot/install/navbot' for CMake config files
[0.547s] Level 1:colcon.colcon_core.shell:create_environment_hook('navbot', 'cmake_prefix_path')
[0.548s] INFO:colcon.colcon_core.shell:Creating environment hook '/home/deni/dev_ws/src/navbot/install/navbot/share/navbot/hook/cmake_prefix_path.ps1'
[0.548s] INFO:colcon.colcon_core.shell:Creating environment descriptor '/home/deni/dev_ws/src/navbot/install/navbot/share/navbot/hook/cmake_prefix_path.dsv'
[0.548s] INFO:colcon.colcon_core.shell:Creating environment hook '/home/deni/dev_ws/src/navbot/install/navbot/share/navbot/hook/cmake_prefix_path.sh'
[0.549s] Level 1:colcon.colcon_core.environment:checking '/home/deni/dev_ws/src/navbot/install/navbot/bin'
[0.549s] Level 1:colcon.colcon_core.environment:checking '/home/deni/dev_ws/src/navbot/install/navbot/lib/pkgconfig/navbot.pc'
[0.549s] Level 1:colcon.colcon_core.environment:checking '/home/deni/dev_ws/src/navbot/install/navbot/lib/python3.10/site-packages'
[0.549s] Level 1:colcon.colcon_core.environment:checking '/home/deni/dev_ws/src/navbot/install/navbot/bin'
[0.549s] INFO:colcon.colcon_core.shell:Creating package script '/home/deni/dev_ws/src/navbot/install/navbot/share/navbot/package.ps1'
[0.550s] INFO:colcon.colcon_core.shell:Creating package descriptor '/home/deni/dev_ws/src/navbot/install/navbot/share/navbot/package.dsv'
[0.550s] INFO:colcon.colcon_core.shell:Creating package script '/home/deni/dev_ws/src/navbot/install/navbot/share/navbot/package.sh'
[0.550s] INFO:colcon.colcon_core.shell:Creating package script '/home/deni/dev_ws/src/navbot/install/navbot/share/navbot/package.bash'
[0.551s] INFO:colcon.colcon_core.shell:Creating package script '/home/deni/dev_ws/src/navbot/install/navbot/share/navbot/package.zsh'
[0.551s] Level 1:colcon.colcon_core.environment:create_file_with_runtime_dependencies(/home/deni/dev_ws/src/navbot/install/navbot/share/colcon-core/packages/navbot)
[0.551s] DEBUG:colcon.colcon_parallel_executor.executor.parallel:closing loop
[0.551s] DEBUG:colcon.colcon_parallel_executor.executor.parallel:loop closed
[0.552s] DEBUG:colcon.colcon_parallel_executor.executor.parallel:run_until_complete finished with '0'
[0.552s] DEBUG:colcon.colcon_core.event_reactor:joining thread
[0.559s] INFO:colcon.colcon_core.plugin_system:Skipping extension 'colcon_notification.desktop_notification.terminal_notifier': Not used on non-Darwin systems
[0.559s] INFO:colcon.colcon_core.plugin_system:Skipping extension 'colcon_notification.desktop_notification.win32': Not used on non-Windows systems
[0.559s] INFO:colcon.colcon_notification.desktop_notification:Sending desktop notification using 'notify2'
[0.575s] DEBUG:colcon.colcon_core.event_reactor:joined thread
[0.576s] INFO:colcon.colcon_core.shell:Creating prefix script '/home/deni/dev_ws/src/navbot/install/local_setup.ps1'
[0.577s] INFO:colcon.colcon_core.shell:Creating prefix util module '/home/deni/dev_ws/src/navbot/install/_local_setup_util_ps1.py'
[0.579s] INFO:colcon.colcon_core.shell:Creating prefix chain script '/home/deni/dev_ws/src/navbot/install/setup.ps1'
[0.585s] INFO:colcon.colcon_core.shell:Creating prefix script '/home/deni/dev_ws/src/navbot/install/local_setup.sh'
[0.586s] INFO:colcon.colcon_core.shell:Creating prefix util module '/home/deni/dev_ws/src/navbot/install/_local_setup_util_sh.py'
[0.587s] INFO:colcon.colcon_core.shell:Creating prefix chain script '/home/deni/dev_ws/src/navbot/install/setup.sh'
[0.590s] INFO:colcon.colcon_core.shell:Creating prefix script '/home/deni/dev_ws/src/navbot/install/local_setup.bash'
[0.591s] INFO:colcon.colcon_core.shell:Creating prefix chain script '/home/deni/dev_ws/src/navbot/install/setup.bash'
[0.595s] INFO:colcon.colcon_core.shell:Creating prefix script '/home/deni/dev_ws/src/navbot/install/local_setup.zsh'
[0.595s] INFO:colcon.colcon_core.shell:Creating prefix chain script '/home/deni/dev_ws/src/navbot/install/setup.zsh'
