-- Install configuration: ""
-- Up-to-date: /home/deni/dev_ws/src/navbot/install/navbot/share/navbot/config
-- Installing: /home/deni/dev_ws/src/navbot/install/navbot/share/navbot/config/empty.yaml
-- Installing: /home/deni/dev_ws/src/navbot/install/navbot/share/navbot/config/ekf.yaml
-- Installing: /home/deni/dev_ws/src/navbot/install/navbot/share/navbot/config/nav2_params.yaml
-- Installing: /home/deni/dev_ws/src/navbot/install/navbot/share/navbot/config/gazebo_params.yaml
-- Installing: /home/deni/dev_ws/src/navbot/install/navbot/share/navbot/config/twist_mux.yaml
-- Up-to-date: /home/deni/dev_ws/src/navbot/install/navbot/share/navbot/config/my_controllers.yaml
-- Installing: /home/deni/dev_ws/src/navbot/install/navbot/share/navbot/config/my_controllers_interface.yaml
-- Installing: /home/deni/dev_ws/src/navbot/install/navbot/share/navbot/config/view_bot.rviz
-- Up-to-date: /home/deni/dev_ws/src/navbot/install/navbot/share/navbot/config/mapper_params_online_async.yaml
-- Up-to-date: /home/deni/dev_ws/src/navbot/install/navbot/share/navbot/description
-- Installing: /home/deni/dev_ws/src/navbot/install/navbot/share/navbot/description/gazebo_control.xacro
-- Installing: /home/deni/dev_ws/src/navbot/install/navbot/share/navbot/description/ros2_control_old.xacro
-- Installing: /home/deni/dev_ws/src/navbot/install/navbot/share/navbot/description/lidar.xacro
-- Installing: /home/deni/dev_ws/src/navbot/install/navbot/share/navbot/description/depth_camera.xacro
-- Installing: /home/deni/dev_ws/src/navbot/install/navbot/share/navbot/description/robot_core.xacro
-- Up-to-date: /home/deni/dev_ws/src/navbot/install/navbot/share/navbot/description/ros2_control.xacro
-- Installing: /home/deni/dev_ws/src/navbot/install/navbot/share/navbot/description/robot_core_old.xacro
-- Installing: /home/deni/dev_ws/src/navbot/install/navbot/share/navbot/description/ros2_control_interface.xacro
-- Up-to-date: /home/deni/dev_ws/src/navbot/install/navbot/share/navbot/description/robot_core copy_old.xacro
-- Up-to-date: /home/deni/dev_ws/src/navbot/install/navbot/share/navbot/description/lidar_interface.xacro
-- Up-to-date: /home/deni/dev_ws/src/navbot/install/navbot/share/navbot/description/robot.urdf.xacro
-- Up-to-date: /home/deni/dev_ws/src/navbot/install/navbot/share/navbot/description/robot_core_copy_old.xacro
-- Installing: /home/deni/dev_ws/src/navbot/install/navbot/share/navbot/description/camera.xacro
-- Installing: /home/deni/dev_ws/src/navbot/install/navbot/share/navbot/description/inertial_macros.xacro
-- Up-to-date: /home/deni/dev_ws/src/navbot/install/navbot/share/navbot/launch
-- Installing: /home/deni/dev_ws/src/navbot/install/navbot/share/navbot/launch/rplidar.launch.py
-- Up-to-date: /home/deni/dev_ws/src/navbot/install/navbot/share/navbot/launch/rsp.launch.py
-- Installing: /home/deni/dev_ws/src/navbot/install/navbot/share/navbot/launch/launch_robot.launch.py
-- Up-to-date: /home/deni/dev_ws/src/navbot/install/navbot/share/navbot/launch/launch_sim.launch.py
-- Installing: /home/deni/dev_ws/src/navbot/install/navbot/share/navbot/launch/visualize.launch.py
-- Installing: /home/deni/dev_ws/src/navbot/install/navbot/share/navbot/launch/robot_controller.launch.py
-- Installing: /home/deni/dev_ws/src/navbot/install/navbot/share/navbot/launch/bringup.launch.py
-- Up-to-date: /home/deni/dev_ws/src/navbot/install/navbot/share/navbot/worlds
-- Installing: /home/deni/dev_ws/src/navbot/install/navbot/share/navbot/worlds/empty.world
-- Installing: /home/deni/dev_ws/src/navbot/install/navbot/share/navbot/worlds/house.world
-- Installing: /home/deni/dev_ws/src/navbot/install/navbot/share/ament_index/resource_index/package_run_dependencies/navbot
-- Installing: /home/deni/dev_ws/src/navbot/install/navbot/share/ament_index/resource_index/parent_prefix_path/navbot
-- Installing: /home/deni/dev_ws/src/navbot/install/navbot/share/navbot/environment/ament_prefix_path.sh
-- Installing: /home/deni/dev_ws/src/navbot/install/navbot/share/navbot/environment/ament_prefix_path.dsv
-- Installing: /home/deni/dev_ws/src/navbot/install/navbot/share/navbot/environment/path.sh
-- Installing: /home/deni/dev_ws/src/navbot/install/navbot/share/navbot/environment/path.dsv
-- Installing: /home/deni/dev_ws/src/navbot/install/navbot/share/navbot/local_setup.bash
-- Installing: /home/deni/dev_ws/src/navbot/install/navbot/share/navbot/local_setup.sh
-- Installing: /home/deni/dev_ws/src/navbot/install/navbot/share/navbot/local_setup.zsh
-- Installing: /home/deni/dev_ws/src/navbot/install/navbot/share/navbot/local_setup.dsv
-- Installing: /home/deni/dev_ws/src/navbot/install/navbot/share/navbot/package.dsv
-- Installing: /home/deni/dev_ws/src/navbot/install/navbot/share/ament_index/resource_index/packages/navbot
-- Installing: /home/deni/dev_ws/src/navbot/install/navbot/share/navbot/cmake/navbotConfig.cmake
-- Installing: /home/deni/dev_ws/src/navbot/install/navbot/share/navbot/cmake/navbotConfig-version.cmake
-- Installing: /home/deni/dev_ws/src/navbot/install/navbot/share/navbot/package.xml
