[0.157s] DEBUG:colcon:Command line arguments: ['/home/deni/.local/bin/colcon', 'build', '--packages-select', 'navbot']
[0.157s] DEBUG:colcon:Parsed command line arguments: Namespace(log_base=None, log_level=None, verb_name='build', build_base='build', install_base='install', merge_install=False, symlink_install=False, test_result_base=None, continue_on_error=False, executor='parallel', parallel_workers=16, event_handlers=None, ignore_user_meta=False, metas=['./colcon.meta'], base_paths=['.'], packages_ignore=None, packages_ignore_regex=None, paths=None, packages_up_to=None, packages_up_to_regex=None, packages_above=None, packages_above_and_dependencies=None, packages_above_depth=None, packages_select_by_dep=None, packages_skip_by_dep=None, packages_skip_up_to=None, packages_select_build_failed=False, packages_skip_build_finished=False, packages_select_test_failures=False, packages_skip_test_passed=False, packages_select=['navbot'], packages_skip=None, packages_select_regex=None, packages_skip_regex=None, packages_start=None, packages_end=None, allow_overriding=[], cmake_args=None, cmake_target=None, cmake_target_skip_unavailable=False, cmake_clean_cache=False, cmake_clean_first=False, cmake_force_configure=False, ament_cmake_args=None, catkin_cmake_args=None, catkin_skip_building_tests=False, verb_parser=<colcon_defaults.argument_parser.defaults.DefaultArgumentsDecorator object at 0x74039d528730>, verb_extension=<colcon_core.verb.build.BuildVerb object at 0x74039d5282e0>, main=<bound method BuildVerb.main of <colcon_core.verb.build.BuildVerb object at 0x74039d5282e0>>)
[0.364s] Level 1:colcon.colcon_core.package_discovery:discover_packages(colcon_meta) check parameters
[0.364s] Level 1:colcon.colcon_core.package_discovery:discover_packages(recursive) check parameters
[0.364s] Level 1:colcon.colcon_core.package_discovery:discover_packages(ignore) check parameters
[0.364s] Level 1:colcon.colcon_core.package_discovery:discover_packages(path) check parameters
[0.364s] Level 1:colcon.colcon_core.package_discovery:discover_packages(colcon_meta) discover
[0.364s] Level 1:colcon.colcon_core.package_discovery:discover_packages(recursive) discover
[0.364s] INFO:colcon.colcon_core.package_discovery:Crawling recursively for packages in '/home/deni/dev_ws/src/navbot'
[0.364s] Level 1:colcon.colcon_core.package_identification:_identify(.) by extensions ['ignore', 'ignore_ament_install']
[0.364s] Level 1:colcon.colcon_core.package_identification:_identify(.) by extension 'ignore'
[0.364s] Level 1:colcon.colcon_core.package_identification:_identify(.) by extension 'ignore_ament_install'
[0.364s] Level 1:colcon.colcon_core.package_identification:_identify(.) by extensions ['colcon_pkg']
[0.364s] Level 1:colcon.colcon_core.package_identification:_identify(.) by extension 'colcon_pkg'
[0.364s] Level 1:colcon.colcon_core.package_identification:_identify(.) by extensions ['colcon_meta']
[0.364s] Level 1:colcon.colcon_core.package_identification:_identify(.) by extension 'colcon_meta'
[0.364s] Level 1:colcon.colcon_core.package_identification:_identify(.) by extensions ['ros']
[0.364s] Level 1:colcon.colcon_core.package_identification:_identify(.) by extension 'ros'
[0.379s] DEBUG:colcon.colcon_core.package_identification:Package '.' with type 'ros.ament_cmake' and name 'navbot'
[0.379s] Level 1:colcon.colcon_core.package_discovery:discover_packages(recursive) using defaults
[0.380s] Level 1:colcon.colcon_core.package_discovery:discover_packages(ignore) discover
[0.380s] Level 1:colcon.colcon_core.package_discovery:discover_packages(ignore) using defaults
[0.380s] Level 1:colcon.colcon_core.package_discovery:discover_packages(path) discover
[0.380s] Level 1:colcon.colcon_core.package_discovery:discover_packages(path) using defaults
[0.402s] Level 1:colcon.colcon_core.package_discovery:discover_packages(prefix_path) check parameters
[0.402s] Level 1:colcon.colcon_core.package_discovery:discover_packages(prefix_path) discover
[0.407s] DEBUG:colcon.colcon_installed_package_information.package_discovery:Found 53 installed packages in /home/deni/dev_ws/install
[0.409s] DEBUG:colcon.colcon_installed_package_information.package_discovery:Found 468 installed packages in /opt/ros/humble
[0.420s] Level 1:colcon.colcon_core.package_discovery:discover_packages(prefix_path) using defaults
[0.498s] Level 5:colcon.colcon_core.verb:set package 'navbot' build argument 'cmake_args' from command line to 'None'
[0.498s] Level 5:colcon.colcon_core.verb:set package 'navbot' build argument 'cmake_target' from command line to 'None'
[0.498s] Level 5:colcon.colcon_core.verb:set package 'navbot' build argument 'cmake_target_skip_unavailable' from command line to 'False'
[0.498s] Level 5:colcon.colcon_core.verb:set package 'navbot' build argument 'cmake_clean_cache' from command line to 'False'
[0.498s] Level 5:colcon.colcon_core.verb:set package 'navbot' build argument 'cmake_clean_first' from command line to 'False'
[0.498s] Level 5:colcon.colcon_core.verb:set package 'navbot' build argument 'cmake_force_configure' from command line to 'False'
[0.498s] Level 5:colcon.colcon_core.verb:set package 'navbot' build argument 'ament_cmake_args' from command line to 'None'
[0.499s] Level 5:colcon.colcon_core.verb:set package 'navbot' build argument 'catkin_cmake_args' from command line to 'None'
[0.499s] Level 5:colcon.colcon_core.verb:set package 'navbot' build argument 'catkin_skip_building_tests' from command line to 'False'
[0.499s] DEBUG:colcon.colcon_core.verb:Building package 'navbot' with the following arguments: {'ament_cmake_args': None, 'build_base': '/home/deni/dev_ws/src/navbot/build/navbot', 'catkin_cmake_args': None, 'catkin_skip_building_tests': False, 'cmake_args': None, 'cmake_clean_cache': False, 'cmake_clean_first': False, 'cmake_force_configure': False, 'cmake_target': None, 'cmake_target_skip_unavailable': False, 'install_base': '/home/deni/dev_ws/src/navbot/install/navbot', 'merge_install': False, 'path': '/home/deni/dev_ws/src/navbot', 'symlink_install': False, 'test_result_base': None}
[0.499s] INFO:colcon.colcon_core.executor:Executing jobs using 'parallel' executor
[0.499s] DEBUG:colcon.colcon_parallel_executor.executor.parallel:run_until_complete
[0.500s] INFO:colcon.colcon_ros.task.ament_cmake.build:Building ROS package in '/home/deni/dev_ws/src/navbot' with build type 'ament_cmake'
[0.500s] INFO:colcon.colcon_cmake.task.cmake.build:Building CMake package in '/home/deni/dev_ws/src/navbot'
[0.503s] INFO:colcon.colcon_core.plugin_system:Skipping extension 'colcon_core.shell.bat': Not used on non-Windows systems
[0.503s] INFO:colcon.colcon_core.shell:Skip shell extension 'powershell' for command environment: Not usable outside of PowerShell
[0.503s] DEBUG:colcon.colcon_core.shell:Skip shell extension 'dsv' for command environment
[0.520s] DEBUG:colcon.colcon_core.event_handler.log_command:Invoking command in '/home/deni/dev_ws/src/navbot/build/navbot': CMAKE_PREFIX_PATH=${CMAKE_PREFIX_PATH}:/home/deni/dev_ws/install/sensor_msgs_py:/home/deni/dev_ws/install/my_odom_converter:/opt/ros/humble /usr/bin/cmake /home/deni/dev_ws/src/navbot -DCMAKE_INSTALL_PREFIX=/home/deni/dev_ws/src/navbot/install/navbot
[1.765s] DEBUG:colcon.colcon_core.event_handler.log_command:Invoked command in '/home/deni/dev_ws/src/navbot/build/navbot' returned '0': CMAKE_PREFIX_PATH=${CMAKE_PREFIX_PATH}:/home/deni/dev_ws/install/sensor_msgs_py:/home/deni/dev_ws/install/my_odom_converter:/opt/ros/humble /usr/bin/cmake /home/deni/dev_ws/src/navbot -DCMAKE_INSTALL_PREFIX=/home/deni/dev_ws/src/navbot/install/navbot
[1.766s] DEBUG:colcon.colcon_core.event_handler.log_command:Invoking command in '/home/deni/dev_ws/src/navbot/build/navbot': CMAKE_PREFIX_PATH=${CMAKE_PREFIX_PATH}:/home/deni/dev_ws/install/sensor_msgs_py:/home/deni/dev_ws/install/my_odom_converter:/opt/ros/humble /usr/bin/cmake --build /home/deni/dev_ws/src/navbot/build/navbot -- -j16 -l16
[1.817s] DEBUG:colcon.colcon_core.event_handler.log_command:Invoked command in '/home/deni/dev_ws/src/navbot/build/navbot' returned '0': CMAKE_PREFIX_PATH=${CMAKE_PREFIX_PATH}:/home/deni/dev_ws/install/sensor_msgs_py:/home/deni/dev_ws/install/my_odom_converter:/opt/ros/humble /usr/bin/cmake --build /home/deni/dev_ws/src/navbot/build/navbot -- -j16 -l16
[1.863s] DEBUG:colcon.colcon_core.event_handler.log_command:Invoking command in '/home/deni/dev_ws/src/navbot/build/navbot': CMAKE_PREFIX_PATH=${CMAKE_PREFIX_PATH}:/home/deni/dev_ws/install/sensor_msgs_py:/home/deni/dev_ws/install/my_odom_converter:/opt/ros/humble /usr/bin/cmake --install /home/deni/dev_ws/src/navbot/build/navbot
[1.883s] Level 1:colcon.colcon_core.environment:create_environment_scripts_only(navbot)
[1.883s] DEBUG:colcon.colcon_core.event_handler.log_command:Invoked command in '/home/deni/dev_ws/src/navbot/build/navbot' returned '0': CMAKE_PREFIX_PATH=${CMAKE_PREFIX_PATH}:/home/deni/dev_ws/install/sensor_msgs_py:/home/deni/dev_ws/install/my_odom_converter:/opt/ros/humble /usr/bin/cmake --install /home/deni/dev_ws/src/navbot/build/navbot
[1.887s] Level 1:colcon.colcon_core.environment:checking '/home/deni/dev_ws/src/navbot/install/navbot' for CMake module files
[1.888s] Level 1:colcon.colcon_core.environment:checking '/home/deni/dev_ws/src/navbot/install/navbot' for CMake config files
[1.888s] Level 1:colcon.colcon_core.shell:create_environment_hook('navbot', 'cmake_prefix_path')
[1.889s] INFO:colcon.colcon_core.shell:Creating environment hook '/home/deni/dev_ws/src/navbot/install/navbot/share/navbot/hook/cmake_prefix_path.ps1'
[1.890s] INFO:colcon.colcon_core.shell:Creating environment descriptor '/home/deni/dev_ws/src/navbot/install/navbot/share/navbot/hook/cmake_prefix_path.dsv'
[1.891s] INFO:colcon.colcon_core.shell:Creating environment hook '/home/deni/dev_ws/src/navbot/install/navbot/share/navbot/hook/cmake_prefix_path.sh'
[1.892s] Level 1:colcon.colcon_core.environment:checking '/home/deni/dev_ws/src/navbot/install/navbot/bin'
[1.892s] Level 1:colcon.colcon_core.environment:checking '/home/deni/dev_ws/src/navbot/install/navbot/lib/pkgconfig/navbot.pc'
[1.893s] Level 1:colcon.colcon_core.environment:checking '/home/deni/dev_ws/src/navbot/install/navbot/lib/python3.10/site-packages'
[1.893s] Level 1:colcon.colcon_core.environment:checking '/home/deni/dev_ws/src/navbot/install/navbot/bin'
[1.893s] INFO:colcon.colcon_core.shell:Creating package script '/home/deni/dev_ws/src/navbot/install/navbot/share/navbot/package.ps1'
[1.895s] INFO:colcon.colcon_core.shell:Creating package descriptor '/home/deni/dev_ws/src/navbot/install/navbot/share/navbot/package.dsv'
[1.895s] INFO:colcon.colcon_core.shell:Creating package script '/home/deni/dev_ws/src/navbot/install/navbot/share/navbot/package.sh'
[1.896s] INFO:colcon.colcon_core.shell:Creating package script '/home/deni/dev_ws/src/navbot/install/navbot/share/navbot/package.bash'
[1.897s] INFO:colcon.colcon_core.shell:Creating package script '/home/deni/dev_ws/src/navbot/install/navbot/share/navbot/package.zsh'
[1.898s] Level 1:colcon.colcon_core.environment:create_file_with_runtime_dependencies(/home/deni/dev_ws/src/navbot/install/navbot/share/colcon-core/packages/navbot)
[1.941s] Level 1:colcon.colcon_core.environment:create_environment_scripts_only(navbot)
[1.942s] Level 1:colcon.colcon_core.environment:checking '/home/deni/dev_ws/src/navbot/install/navbot' for CMake module files
[1.943s] Level 1:colcon.colcon_core.environment:checking '/home/deni/dev_ws/src/navbot/install/navbot' for CMake config files
[1.943s] Level 1:colcon.colcon_core.shell:create_environment_hook('navbot', 'cmake_prefix_path')
[1.944s] INFO:colcon.colcon_core.shell:Creating environment hook '/home/deni/dev_ws/src/navbot/install/navbot/share/navbot/hook/cmake_prefix_path.ps1'
[1.945s] INFO:colcon.colcon_core.shell:Creating environment descriptor '/home/deni/dev_ws/src/navbot/install/navbot/share/navbot/hook/cmake_prefix_path.dsv'
[1.945s] INFO:colcon.colcon_core.shell:Creating environment hook '/home/deni/dev_ws/src/navbot/install/navbot/share/navbot/hook/cmake_prefix_path.sh'
[1.946s] Level 1:colcon.colcon_core.environment:checking '/home/deni/dev_ws/src/navbot/install/navbot/bin'
[1.946s] Level 1:colcon.colcon_core.environment:checking '/home/deni/dev_ws/src/navbot/install/navbot/lib/pkgconfig/navbot.pc'
[1.946s] Level 1:colcon.colcon_core.environment:checking '/home/deni/dev_ws/src/navbot/install/navbot/lib/python3.10/site-packages'
[1.946s] Level 1:colcon.colcon_core.environment:checking '/home/deni/dev_ws/src/navbot/install/navbot/bin'
[1.947s] INFO:colcon.colcon_core.shell:Creating package script '/home/deni/dev_ws/src/navbot/install/navbot/share/navbot/package.ps1'
[1.947s] INFO:colcon.colcon_core.shell:Creating package descriptor '/home/deni/dev_ws/src/navbot/install/navbot/share/navbot/package.dsv'
[1.948s] INFO:colcon.colcon_core.shell:Creating package script '/home/deni/dev_ws/src/navbot/install/navbot/share/navbot/package.sh'
[1.948s] INFO:colcon.colcon_core.shell:Creating package script '/home/deni/dev_ws/src/navbot/install/navbot/share/navbot/package.bash'
[1.949s] INFO:colcon.colcon_core.shell:Creating package script '/home/deni/dev_ws/src/navbot/install/navbot/share/navbot/package.zsh'
[1.949s] Level 1:colcon.colcon_core.environment:create_file_with_runtime_dependencies(/home/deni/dev_ws/src/navbot/install/navbot/share/colcon-core/packages/navbot)
[1.950s] DEBUG:colcon.colcon_parallel_executor.executor.parallel:closing loop
[1.950s] DEBUG:colcon.colcon_parallel_executor.executor.parallel:loop closed
[1.950s] DEBUG:colcon.colcon_parallel_executor.executor.parallel:run_until_complete finished with '0'
[1.950s] DEBUG:colcon.colcon_core.event_reactor:joining thread
[1.958s] INFO:colcon.colcon_core.plugin_system:Skipping extension 'colcon_notification.desktop_notification.terminal_notifier': Not used on non-Darwin systems
[1.958s] INFO:colcon.colcon_core.plugin_system:Skipping extension 'colcon_notification.desktop_notification.win32': Not used on non-Windows systems
[1.958s] INFO:colcon.colcon_notification.desktop_notification:Sending desktop notification using 'notify2'
[1.999s] DEBUG:colcon.colcon_core.event_reactor:joined thread
[2.000s] INFO:colcon.colcon_core.shell:Creating prefix script '/home/deni/dev_ws/src/navbot/install/local_setup.ps1'
[2.001s] INFO:colcon.colcon_core.shell:Creating prefix util module '/home/deni/dev_ws/src/navbot/install/_local_setup_util_ps1.py'
[2.003s] INFO:colcon.colcon_core.shell:Creating prefix chain script '/home/deni/dev_ws/src/navbot/install/setup.ps1'
[2.006s] INFO:colcon.colcon_core.shell:Creating prefix script '/home/deni/dev_ws/src/navbot/install/local_setup.sh'
[2.009s] INFO:colcon.colcon_core.shell:Creating prefix util module '/home/deni/dev_ws/src/navbot/install/_local_setup_util_sh.py'
[2.010s] INFO:colcon.colcon_core.shell:Creating prefix chain script '/home/deni/dev_ws/src/navbot/install/setup.sh'
[2.015s] INFO:colcon.colcon_core.shell:Creating prefix script '/home/deni/dev_ws/src/navbot/install/local_setup.bash'
[2.015s] INFO:colcon.colcon_core.shell:Creating prefix chain script '/home/deni/dev_ws/src/navbot/install/setup.bash'
[2.019s] INFO:colcon.colcon_core.shell:Creating prefix script '/home/deni/dev_ws/src/navbot/install/local_setup.zsh'
[2.019s] INFO:colcon.colcon_core.shell:Creating prefix chain script '/home/deni/dev_ws/src/navbot/install/setup.zsh'
